/*C3*/SET SCHEMA PUBLIC
set schema PUBLIC
CREATE TABLE PUBLIC.Person\u000a(\u000a    id INT PRIMARY KEY,\u000a    name VARCHAR(255)\u000a)
DISCONNECT
/*C4*/SET SCHEMA PUBLIC
DISCONNECT
/*C5*/SET SCHEMA PUBLIC
set schema PUBLIC
DROP TABLE PUBLIC.PERSON
DISCONNECT
/*C6*/SET SCHEMA PUBLIC
DISCONNECT
/*C7*/SET SCHEMA PUBLIC
DISCONNECT
/*C8*/SET SCHEMA PUBLIC
set schema PUBLIC
CREATE TABLE PUBLIC.Person99791\u000a(\u000a    id INT PRIMARY KEY,\u000a    name VARCHAR(255)\u000a)
DISCONNECT
/*C9*/SET SCHEMA PUBLIC
DISCONNECT
/*C10*/SET SCHEMA PUBLIC
set schema PUBLIC
CREATE TABLE PUBLIC.personphone99791\u000a(\u000a    person_id INT,\u000a    phone_id INT PRIMARY KEY,\u000a    phonenummer INT\u000a)
DISCONNECT
/*C11*/SET SCHEMA PUBLIC
DISCONNECT
/*C12*/SET SCHEMA PUBLIC
set schema PUBLIC
ALTER TABLE PUBLIC.PERSONPHONE99791\u000aADD CONSTRAINT PERSONPHONE99791_PERSON99791_ID_fk\u000aFOREIGN KEY (PERSON_ID) REFERENCES PERSON99791 (ID)
DISCONNECT
/*C13*/SET SCHEMA PUBLIC
DISCONNECT
/*C14*/SET SCHEMA PUBLIC
DISCONNECT
/*C15*/SET SCHEMA PUBLIC
DISCONNECT
